c:\users\edan\source\repos\sql tirgul\sql tirgul\x64\release\sql tirgul.pch
c:\users\edan\source\repos\sql tirgul\sql tirgul\x64\release\vc141.pdb
c:\users\edan\source\repos\sql tirgul\sql tirgul\x64\release\stdafx.obj
c:\users\edan\source\repos\sql tirgul\sql tirgul\x64\release\worker.obj
c:\users\edan\source\repos\sql tirgul\sql tirgul\x64\release\provides.obj
c:\users\edan\source\repos\sql tirgul\sql tirgul\x64\release\provider.obj
c:\users\edan\source\repos\sql tirgul\sql tirgul\x64\release\order.obj
c:\users\edan\source\repos\sql tirgul\sql tirgul\x64\release\main.obj
c:\users\edan\source\repos\sql tirgul\sql tirgul\x64\release\deal.obj
c:\users\edan\source\repos\sql tirgul\sql tirgul\x64\release\client.obj
c:\users\edan\source\repos\sql tirgul\sql tirgul\x64\release\book.obj
c:\users\edan\source\repos\sql tirgul\sql tirgul\x64\release\lecturer.obj
c:\users\edan\source\repos\sql tirgul\sql tirgul\x64\release\database.obj
c:\users\edan\source\repos\sql tirgul\x64\release\sql tirgul.exe
c:\users\edan\source\repos\sql tirgul\x64\release\sql tirgul.pdb
c:\users\edan\source\repos\sql tirgul\x64\release\sql tirgul.ipdb
c:\users\edan\source\repos\sql tirgul\x64\release\sql tirgul.iobj
c:\users\edan\source\repos\sql tirgul\sql tirgul\x64\release\sql tirgul.tlog\cl.command.1.tlog
c:\users\edan\source\repos\sql tirgul\sql tirgul\x64\release\sql tirgul.tlog\cl.read.1.tlog
c:\users\edan\source\repos\sql tirgul\sql tirgul\x64\release\sql tirgul.tlog\cl.write.1.tlog
c:\users\edan\source\repos\sql tirgul\sql tirgul\x64\release\sql tirgul.tlog\link.command.1.tlog
c:\users\edan\source\repos\sql tirgul\sql tirgul\x64\release\sql tirgul.tlog\link.read.1.tlog
c:\users\edan\source\repos\sql tirgul\sql tirgul\x64\release\sql tirgul.tlog\link.write.1.tlog
c:\users\edan\source\repos\sql tirgul\sql tirgul\x64\release\sql tirgul.tlog\sql tirgul.write.1u.tlog
